# JRE version: Java(TM) SE Runtime Environment (17.0.11+7) (build 17.0.11+7-LTS-207)
# Java VM: Java HotSpot(TM) 64-Bit Server VM (17.0.11+7-LTS-207, mixed mode, sharing, tiered, compressed oops, compressed class ptrs, g1 gc, windows-amd64)
GC Precious Log:
 CPUs: 12 total, 12 available
 Memory: 16253M
 Large Page Support: Disabled
 NUMA Support: Disabled
 Compressed Oops: Enabled (Zero based)
 Heap Region Size: 2M
 Heap Min Capacity: 8M
 Heap Initial Capacity: 254M
 Heap Max Capacity: 4064M
 Pre-touch: Disabled
 Parallel Workers: 10
 Concurrent Workers: 3
 Concurrent Refinement Workers: 10
 Periodic GC: Disabled
Heap:
 garbage-first heap   total 75776K, used 46388K [0x0000000702000000, 0x0000000800000000)
  region size 2048K, 12 young (24576K), 3 survivors (6144K)
 Metaspace       used 76974K, committed 77568K, reserved 1179648K
  class space    used 10671K, committed 10944K, reserved 1048576K
GC Heap History (20 events):
Event: 2.170 GC heap before
{Heap before GC invocations=5 (full 0):
 garbage-first heap   total 55296K, used 15901K [0x0000000702000000, 0x0000000800000000)
  region size 2048K, 3 young (6144K), 2 survivors (4096K)
 Metaspace       used 24989K, committed 25216K, reserved 1114112K
  class space    used 3228K, committed 3328K, reserved 1048576K
}
Event: 2.174 GC heap after
{Heap after GC invocations=6 (full 0):
 garbage-first heap   total 55296K, used 14281K [0x0000000702000000, 0x0000000800000000)
  region size 2048K, 1 young (2048K), 1 survivors (2048K)
 Metaspace       used 24989K, committed 25216K, reserved 1114112K
  class space    used 3228K, committed 3328K, reserved 1048576K
}
Event: 2.682 GC heap before
{Heap before GC invocations=6 (full 0):
 garbage-first heap   total 55296K, used 34761K [0x0000000702000000, 0x0000000800000000)
  region size 2048K, 11 young (22528K), 1 survivors (2048K)
 Metaspace       used 28923K, committed 29248K, reserved 1114112K
  class space    used 3799K, committed 3968K, reserved 1048576K
}
Event: 2.688 GC heap after
{Heap after GC invocations=7 (full 0):
 garbage-first heap   total 55296K, used 16099K [0x0000000702000000, 0x0000000800000000)
  region size 2048K, 2 young (4096K), 2 survivors (4096K)
 Metaspace       used 28923K, committed 29248K, reserved 1114112K
  class space    used 3799K, committed 3968K, reserved 1048576K
}
Event: 3.196 GC heap before
{Heap before GC invocations=7 (full 0):
 garbage-first heap   total 55296K, used 36579K [0x0000000702000000, 0x0000000800000000)
  region size 2048K, 12 young (24576K), 2 survivors (4096K)
 Metaspace       used 33466K, committed 33920K, reserved 1114112K
  class space    used 4402K, committed 4608K, reserved 1048576K
}
Event: 3.203 GC heap after
{Heap after GC invocations=8 (full 0):
 garbage-first heap   total 157696K, used 18390K [0x0000000702000000, 0x0000000800000000)
  region size 2048K, 2 young (4096K), 2 survivors (4096K)
 Metaspace       used 33466K, committed 33920K, reserved 1114112K
  class space    used 4402K, committed 4608K, reserved 1048576K
}
Event: 3.514 GC heap before
{Heap before GC invocations=8 (full 0):
 garbage-first heap   total 157696K, used 28630K [0x0000000702000000, 0x0000000800000000)
  region size 2048K, 8 young (16384K), 2 survivors (4096K)
 Metaspace       used 35554K, committed 35968K, reserved 1114112K
  class space    used 4678K, committed 4864K, reserved 1048576K
}
Event: 3.517 GC heap after
{Heap after GC invocations=9 (full 0):
 garbage-first heap   total 157696K, used 18953K [0x0000000702000000, 0x0000000800000000)
  region size 2048K, 2 young (4096K), 2 survivors (4096K)
 Metaspace       used 35554K, committed 35968K, reserved 1114112K
  class space    used 4678K, committed 4864K, reserved 1048576K
}
Event: 4.578 GC heap before
{Heap before GC invocations=10 (full 0):
 garbage-first heap   total 75776K, used 59913K [0x0000000702000000, 0x0000000800000000)
  region size 2048K, 22 young (45056K), 2 survivors (4096K)
 Metaspace       used 49222K, committed 49664K, reserved 1114112K
  class space    used 6507K, committed 6720K, reserved 1048576K
}
Event: 4.586 GC heap after
{Heap after GC invocations=11 (full 0):
 garbage-first heap   total 75776K, used 22149K [0x0000000702000000, 0x0000000800000000)
  region size 2048K, 3 young (6144K), 3 survivors (6144K)
 Metaspace       used 49222K, committed 49664K, reserved 1114112K
  class space    used 6507K, committed 6720K, reserved 1048576K
}
Event: 5.340 GC heap before
{Heap before GC invocations=11 (full 0):
 garbage-first heap   total 75776K, used 54917K [0x0000000702000000, 0x0000000800000000)
  region size 2048K, 20 young (40960K), 3 survivors (6144K)
 Metaspace       used 58381K, committed 58816K, reserved 1114112K
  class space    used 7965K, committed 8192K, reserved 1048576K
}
Event: 5.345 GC heap after
{Heap after GC invocations=12 (full 0):
 garbage-first heap   total 75776K, used 23938K [0x0000000702000000, 0x0000000800000000)
  region size 2048K, 1 young (2048K), 1 survivors (2048K)
 Metaspace       used 58381K, committed 58816K, reserved 1114112K
  class space    used 7965K, committed 8192K, reserved 1048576K
}
Event: 5.409 GC heap before
{Heap before GC invocations=12 (full 0):
 garbage-first heap   total 75776K, used 28034K [0x0000000702000000, 0x0000000800000000)
  region size 2048K, 4 young (8192K), 1 survivors (2048K)
 Metaspace       used 59783K, committed 60288K, reserved 1114112K
  class space    used 8160K, committed 8384K, reserved 1048576K
}
Event: 5.411 GC heap after
{Heap after GC invocations=13 (full 0):
 garbage-first heap   total 75776K, used 23882K [0x0000000702000000, 0x0000000800000000)
  region size 2048K, 1 young (2048K), 1 survivors (2048K)
 Metaspace       used 59783K, committed 60288K, reserved 1114112K
  class space    used 8160K, committed 8384K, reserved 1048576K
}
Event: 6.013 GC heap before
{Heap before GC invocations=14 (full 0):
 garbage-first heap   total 75776K, used 56650K [0x0000000702000000, 0x0000000800000000)
  region size 2048K, 18 young (36864K), 1 survivors (2048K)
 Metaspace       used 65440K, committed 65920K, reserved 1114112K
  class space    used 9060K, committed 9280K, reserved 1048576K
}
Event: 6.018 GC heap after
{Heap after GC invocations=15 (full 0):
 garbage-first heap   total 75776K, used 26770K [0x0000000702000000, 0x0000000800000000)
  region size 2048K, 3 young (6144K), 3 survivors (6144K)
 Metaspace       used 65440K, committed 65920K, reserved 1114112K
  class space    used 9060K, committed 9280K, reserved 1048576K
}
Event: 6.418 GC heap before
{Heap before GC invocations=15 (full 0):
 garbage-first heap   total 75776K, used 57490K [0x0000000702000000, 0x0000000800000000)
  region size 2048K, 18 young (36864K), 3 survivors (6144K)
 Metaspace       used 69602K, committed 70080K, reserved 1114112K
  class space    used 9739K, committed 9984K, reserved 1048576K
}
Event: 6.425 GC heap after
{Heap after GC invocations=16 (full 0):
 garbage-first heap   total 75776K, used 29234K [0x0000000702000000, 0x0000000800000000)
  region size 2048K, 3 young (6144K), 3 survivors (6144K)
 Metaspace       used 69602K, committed 70080K, reserved 1114112K
  class space    used 9739K, committed 9984K, reserved 1048576K
}
Event: 119.278 GC heap before
{Heap before GC invocations=16 (full 0):
 garbage-first heap   total 75776K, used 57906K [0x0000000702000000, 0x0000000800000000)
  region size 2048K, 17 young (34816K), 3 survivors (6144K)
 Metaspace       used 74672K, committed 75136K, reserved 1114112K
  class space    used 10393K, committed 10624K, reserved 1048576K
}
Event: 119.286 GC heap after
{Heap after GC invocations=17 (full 0):
 garbage-first heap   total 75776K, used 32052K [0x0000000702000000, 0x0000000800000000)
  region size 2048K, 3 young (6144K), 3 survivors (6144K)
 Metaspace       used 74672K, committed 75136K, reserved 1114112K
  class space    used 10393K, committed 10624K, reserved 1048576K
}

